%!Adobe-FontList 1.23
%Locale:0x409

%BeginFont
Handler:DirectoryHandler
FontType:TrueType
FontName:Arial-ItalicMT
FamilyName:Arial
StyleName:Italic
FullName:Arial Italic
MenuName:Arial
StyleBits:1
WritingScript:Roman
OutlineFileName:C:\Users\adamc\OneDrive - HESSO\Documents\HEAD\Master\Sem1\Cours\Atelier MD1\head-md-future-of-drawing\presentations\ConceptPresentation_2023-11-16\Dossier_CdA_Concept_InDesign\Document fonts\Arial Italic.ttf
DataFormat:sfntData
hasSVG:no
hasCOLR:no
VariableFontType:NonVariableFont
FileLength:553284
FileModTime:1699954849
WeightClass:400
WidthClass:5
AngleClass:1
NameArray:0,Mac,4,Arial Italic
NameArray:0,Win,1,Arial
%EndFont

%BeginFont
Handler:DirectoryHandler
FontType:TrueType
FontName:ArialMT
FamilyName:Arial
StyleName:Regular
FullName:Arial
MenuName:Arial
StyleBits:0
WritingScript:Roman
OutlineFileName:C:\Users\adamc\OneDrive - HESSO\Documents\HEAD\Master\Sem1\Cours\Atelier MD1\head-md-future-of-drawing\presentations\ConceptPresentation_2023-11-16\Dossier_CdA_Concept_InDesign\Document fonts\Arial.ttf
DataFormat:sfntData
hasSVG:no
hasCOLR:no
VariableFontType:NonVariableFont
FileLength:773236
FileModTime:1699954849
WeightClass:400
WidthClass:5
AngleClass:0
NameArray:0,Mac,4,Arial
NameArray:0,Win,1,Arial
%EndFont

